1627836751325	geckodriver	INFO	Listening on 127.0.0.1:37665
1627836751328	mozrunner::runner	INFO	Running command: "/usr/bin/firefox" "--marionette" "-foreground" "-no-remote" "-profile" "/tmp/rust_mozprofileKLvvIu"
1627836752249	Marionette	INFO	Marionette enabled
console.info: MINT: Trying to use the system region (based on LANG).
console.info: MINT: System region is FR
console.warn: SearchSettings: "get: No settings file exists, new profile?" (new Error("", "(unknown module)"))
console.info: MINT: Loading search-config defaults.
JavaScript error: resource://gre/modules/TelemetryUtils.jsm, line 159: TypeError: date is undefined
1627836754454	Marionette	INFO	Listening on port 34895
1627836754560	Marionette	WARN	TLS certificate errors will be ignored for this session
1627836783273	Marionette	INFO	Stopped listening on port 34895
1627836787728	geckodriver	INFO	Listening on 127.0.0.1:35435
1627836788732	mozrunner::runner	INFO	Running command: "/usr/bin/firefox" "--marionette" "-foreground" "-no-remote" "-profile" "/tmp/rust_mozprofileQAcceL"
1627836789354	Marionette	INFO	Marionette enabled
console.info: MINT: Trying to use the system region (based on LANG).
console.info: MINT: System region is FR
console.warn: SearchSettings: "get: No settings file exists, new profile?" (new Error("", "(unknown module)"))
console.info: MINT: Loading search-config defaults.
JavaScript error: resource://gre/modules/TelemetryUtils.jsm, line 159: TypeError: date is undefined
1627836791522	Marionette	INFO	Listening on port 40043
1627836791561	Marionette	WARN	TLS certificate errors will be ignored for this session
1627836802512	Marionette	INFO	Stopped listening on port 40043
1627836874652	geckodriver	INFO	Listening on 127.0.0.1:49001
1627836874669	mozrunner::runner	INFO	Running command: "/usr/bin/firefox" "--marionette" "-foreground" "-no-remote" "-profile" "/tmp/rust_mozprofileRhu44g"
1627836875500	Marionette	INFO	Marionette enabled
console.info: MINT: Trying to use the system region (based on LANG).
console.info: MINT: System region is FR
console.warn: SearchSettings: "get: No settings file exists, new profile?" (new Error("", "(unknown module)"))
console.info: MINT: Loading search-config defaults.
JavaScript error: resource://gre/modules/TelemetryUtils.jsm, line 159: TypeError: date is undefined
1627836877670	Marionette	INFO	Listening on port 38625
1627836877713	Marionette	WARN	TLS certificate errors will be ignored for this session

(firefox:32063): GLib-GObject-WARNING **: 18:54:39.709: ../../../../gobject/gsignal.c:3493: signal name 'load_complete' is invalid for instance '0x7effb2edb330' of type 'MaiAtkType139'
JavaScript error: resource://gre/modules/AsyncShutdown.jsm, line 718: Error: Phase "Sqlite.jsm: wait until all connections are closed" is finished, it is too late to register completion condition "protections.sqlite#0: waiting for shutdown"
1627836881184	Marionette	INFO	Stopped listening on port 38625
1627837017798	geckodriver	INFO	Listening on 127.0.0.1:40393
1627837017802	mozrunner::runner	INFO	Running command: "/usr/bin/firefox" "--marionette" "-foreground" "-no-remote" "-profile" "/tmp/rust_mozprofilepFgnvE"
1627837018486	Marionette	INFO	Marionette enabled
console.info: MINT: Trying to use the system region (based on LANG).
console.info: MINT: System region is FR
console.warn: SearchSettings: "get: No settings file exists, new profile?" (new Error("", "(unknown module)"))
console.info: MINT: Loading search-config defaults.
JavaScript error: resource://gre/modules/TelemetryUtils.jsm, line 159: TypeError: date is undefined
1627837020548	Marionette	INFO	Listening on port 38551
1627837020634	Marionette	WARN	TLS certificate errors will be ignored for this session

(firefox:32440): GLib-GObject-WARNING **: 18:57:03.726: ../../../../gobject/gsignal.c:3493: signal name 'load_complete' is invalid for instance '0x7f3b6cfe4150' of type 'MaiAtkType139'
1627837063440	geckodriver	INFO	Listening on 127.0.0.1:47953
1627837063446	mozrunner::runner	INFO	Running command: "/usr/bin/firefox" "--marionette" "-foreground" "-no-remote" "-profile" "/tmp/rust_mozprofile1XwT37"
1627837064246	Marionette	INFO	Marionette enabled
console.info: MINT: Trying to use the system region (based on LANG).
console.info: MINT: System region is FR
console.warn: SearchSettings: "get: No settings file exists, new profile?" (new Error("", "(unknown module)"))
console.info: MINT: Loading search-config defaults.
JavaScript error: resource://gre/modules/TelemetryUtils.jsm, line 159: TypeError: date is undefined
console.warn: services.settings: main/message-groups sync interrupted by shutdown
console.error: "Could not load engine duckduckgo@search.mozilla.org: TypeError: AddonManagerInternal._getProviderByName(...) is undefined"
console.error: "Could not load engine wikipedia@search.mozilla.org: TypeError: AddonManagerInternal._getProviderByName(...) is undefined"
console.warn: SearchService: "_init: abandoning init due to shutting down"
JavaScript error: resource://gre/modules/DeferredTask.jsm, line 215: Error: Unable to arm timer, the object has been finalized.
JavaScript error: resource://gre/modules/DeferredTask.jsm, line 215: Error: Unable to arm timer, the object has been finalized.
JavaScript error: resource://gre/modules/DeferredTask.jsm, line 215: Error: Unable to arm timer, the object has been finalized.
JavaScript error: resource://gre/modules/AsyncShutdown.jsm, line 575: uncaught exception: 2147500036
JavaScript error: resource://gre/modules/AsyncShutdown.jsm, line 575: uncaught exception: 2147500036
JavaScript error: resource://gre/modules/AsyncShutdown.jsm, line 575: uncaught exception: 2147500036
JavaScript error: resource://gre/modules/AsyncShutdown.jsm, line 575: uncaught exception: 2147500036
JavaScript error: resource://gre/modules/AsyncShutdown.jsm, line 575: uncaught exception: 2147500036
JavaScript error: resource://gre/modules/AsyncShutdown.jsm, line 575: uncaught exception: 2147500036
1627837066445	Marionette	FATAL	Remote protocol server failed to start: [Exception... "Component returned failure code: 0xc1f30001 (NS_ERROR_NOT_INITIALIZED) [nsIServerSocket.asyncListen]"  nsresult: "0xc1f30001 (NS_ERROR_NOT_INITIALIZED)"  location: "JS frame :: chrome://marionette/content/server.js :: set acceptConnections :: line 90"  data: no] Stack trace: set acceptConnections()@server.js:90
start()@server.js:115
init/<()@jar:file:///usr/lib/firefox/omni.ja!/components/marionette.js:506
observe()@resource://gre/modules/AsyncShutdown.jsm:575
1627837072365	Marionette	INFO	Stopped listening on port 38551
1627837087087	geckodriver	INFO	Listening on 127.0.0.1:59323
1627837087098	mozrunner::runner	INFO	Running command: "/usr/bin/firefox" "--marionette" "-foreground" "-no-remote" "-profile" "/tmp/rust_mozprofile374RzE"
1627837087999	Marionette	INFO	Marionette enabled
console.info: MINT: Trying to use the system region (based on LANG).
console.info: MINT: System region is FR
console.warn: SearchSettings: "get: No settings file exists, new profile?" (new Error("", "(unknown module)"))
console.info: MINT: Loading search-config defaults.
JavaScript error: resource://gre/modules/TelemetryUtils.jsm, line 159: TypeError: date is undefined
1627837090173	Marionette	INFO	Listening on port 38431
1627837090230	Marionette	WARN	TLS certificate errors will be ignored for this session

(firefox:446): GLib-GObject-WARNING **: 18:58:12.071: ../../../../gobject/gsignal.c:3493: signal name 'load_complete' is invalid for instance '0x7f0d64b6f470' of type 'MaiAtkType139'
JavaScript error: chrome://browser/content/browser-customization.js, line 166: NS_ERROR_NOT_INITIALIZED: 
1627837111249	Marionette	INFO	Stopped listening on port 38431
1627837190867	geckodriver	INFO	Listening on 127.0.0.1:41117
1627837190870	mozrunner::runner	INFO	Running command: "/usr/bin/firefox" "--marionette" "-foreground" "-no-remote" "-profile" "/tmp/rust_mozprofileT5I2aI"
1627837191670	Marionette	INFO	Marionette enabled
console.info: MINT: Trying to use the system region (based on LANG).
console.info: MINT: System region is FR
console.warn: SearchSettings: "get: No settings file exists, new profile?" (new Error("", "(unknown module)"))
console.info: MINT: Loading search-config defaults.
JavaScript error: resource://gre/modules/TelemetryUtils.jsm, line 159: TypeError: date is undefined
1627837193690	Marionette	INFO	Listening on port 42543
1627837193801	Marionette	WARN	TLS certificate errors will be ignored for this session

(firefox:916): GLib-GObject-WARNING **: 18:59:55.763: ../../../../gobject/gsignal.c:3493: signal name 'load_complete' is invalid for instance '0x7fabc8e925b0' of type 'MaiAtkType139'
1627837238289	Marionette	INFO	Stopped listening on port 42543
1627837281167	geckodriver	INFO	Listening on 127.0.0.1:34531
1627837281176	mozrunner::runner	INFO	Running command: "/usr/bin/firefox" "--marionette" "-foreground" "-no-remote" "-profile" "/tmp/rust_mozprofiledotdnq"
1627837281949	Marionette	INFO	Marionette enabled
console.info: MINT: Trying to use the system region (based on LANG).
console.info: MINT: System region is FR
console.warn: SearchSettings: "get: No settings file exists, new profile?" (new Error("", "(unknown module)"))
console.info: MINT: Loading search-config defaults.
JavaScript error: resource://gre/modules/TelemetryUtils.jsm, line 159: TypeError: date is undefined
1627837284161	Marionette	INFO	Listening on port 32795
1627837284221	Marionette	WARN	TLS certificate errors will be ignored for this session

(firefox:1410): GLib-GObject-WARNING **: 19:01:26.579: ../../../../gobject/gsignal.c:3493: signal name 'load_complete' is invalid for instance '0x7f7834b27ce0' of type 'MaiAtkType139'
1627837305251	geckodriver	INFO	Listening on 127.0.0.1:58913
1627837305254	mozrunner::runner	INFO	Running command: "/usr/bin/firefox" "--marionette" "-foreground" "-no-remote" "-profile" "/tmp/rust_mozprofileNYevsS"
1627837306099	Marionette	INFO	Marionette enabled
console.info: MINT: Trying to use the system region (based on LANG).
console.info: MINT: System region is FR
console.warn: SearchSettings: "get: No settings file exists, new profile?" (new Error("", "(unknown module)"))
console.info: MINT: Loading search-config defaults.
JavaScript error: resource://gre/modules/TelemetryUtils.jsm, line 159: TypeError: date is undefined
1627837308159	Marionette	INFO	Listening on port 36057
1627837308188	Marionette	WARN	TLS certificate errors will be ignored for this session

(firefox:1646): GLib-GObject-WARNING **: 19:01:50.897: ../../../../gobject/gsignal.c:3493: signal name 'load_complete' is invalid for instance '0x7f68f260dfb0' of type 'MaiAtkType139'
1627837320347	Marionette	INFO	Stopped listening on port 32795
1627837324086	Marionette	INFO	Stopped listening on port 36057
1627837427792	geckodriver	INFO	Listening on 127.0.0.1:48463
1627837428796	mozrunner::runner	INFO	Running command: "/usr/bin/firefox" "--marionette" "-foreground" "-no-remote" "-profile" "/tmp/rust_mozprofilezsfnQX"
1627837429692	Marionette	INFO	Marionette enabled
console.info: MINT: Trying to use the system region (based on LANG).
console.info: MINT: System region is FR
console.warn: SearchSettings: "get: No settings file exists, new profile?" (new Error("", "(unknown module)"))
console.info: MINT: Loading search-config defaults.
JavaScript error: resource://gre/modules/TelemetryUtils.jsm, line 159: TypeError: date is undefined
1627837431887	Marionette	INFO	Listening on port 33155
1627837431945	Marionette	WARN	TLS certificate errors will be ignored for this session

(firefox:2317): GLib-GObject-WARNING **: 19:03:54.403: ../../../../gobject/gsignal.c:3493: signal name 'load_complete' is invalid for instance '0x7ff40faee0b0' of type 'MaiAtkType139'
1627837456517	geckodriver	INFO	Listening on 127.0.0.1:42007
1627837457534	mozrunner::runner	INFO	Running command: "/usr/bin/firefox" "--marionette" "-foreground" "-no-remote" "-profile" "/tmp/rust_mozprofiletbtHuS"
1627837458497	Marionette	INFO	Marionette enabled
console.info: MINT: Trying to use the system region (based on LANG).
console.info: MINT: System region is FR
console.warn: SearchSettings: "get: No settings file exists, new profile?" (new Error("", "(unknown module)"))
console.info: MINT: Loading search-config defaults.
JavaScript error: resource://gre/modules/TelemetryUtils.jsm, line 159: TypeError: date is undefined
1627837461194	Marionette	INFO	Listening on port 38289
1627837461310	Marionette	WARN	TLS certificate errors will be ignored for this session

(firefox:2711): GLib-GObject-WARNING **: 19:04:23.671: ../../../../gobject/gsignal.c:3493: signal name 'load_complete' is invalid for instance '0x7fcf45509970' of type 'MaiAtkType139'
1627837502766	Marionette	INFO	Stopped listening on port 38289
1627837508049	Marionette	INFO	Stopped listening on port 33155
1627837751552	geckodriver	INFO	Listening on 127.0.0.1:48465
1627837751556	mozrunner::runner	INFO	Running command: "/usr/bin/firefox" "--marionette" "-foreground" "-no-remote" "-profile" "/tmp/rust_mozprofileQiPzce"
1627837752363	Marionette	INFO	Marionette enabled
console.info: MINT: Trying to use the system region (based on LANG).
console.info: MINT: System region is FR
console.warn: SearchSettings: "get: No settings file exists, new profile?" (new Error("", "(unknown module)"))
console.info: MINT: Loading search-config defaults.
JavaScript error: resource://gre/modules/TelemetryUtils.jsm, line 159: TypeError: date is undefined
1627837755068	Marionette	INFO	Listening on port 37309
1627837755187	Marionette	WARN	TLS certificate errors will be ignored for this session

(firefox:3602): GLib-GObject-WARNING **: 19:09:17.579: ../../../../gobject/gsignal.c:3493: signal name 'load_complete' is invalid for instance '0x7fae51807970' of type 'MaiAtkType139'

###!!! [Parent][MessageChannel] Error: (msgtype=0x1F0011,name=PBackgroundStorage::Msg_Observe) Channel error: cannot send/recv


###!!! [Parent][MessageChannel] Error: (msgtype=0x1F0011,name=PBackgroundStorage::Msg_Observe) Channel error: cannot send/recv

1627837764835	Marionette	INFO	Stopped listening on port 37309
1627837827679	geckodriver	INFO	Listening on 127.0.0.1:40061
1627837828686	mozrunner::runner	INFO	Running command: "/usr/bin/firefox" "--marionette" "-foreground" "-no-remote" "-profile" "/tmp/rust_mozprofilelQS2bk"
1627837829394	Marionette	INFO	Marionette enabled
console.info: MINT: Trying to use the system region (based on LANG).
console.info: MINT: System region is FR
console.warn: SearchSettings: "get: No settings file exists, new profile?" (new Error("", "(unknown module)"))
console.info: MINT: Loading search-config defaults.
JavaScript error: resource://gre/modules/TelemetryUtils.jsm, line 159: TypeError: date is undefined
1627837831570	Marionette	INFO	Listening on port 41879
1627837831639	Marionette	WARN	TLS certificate errors will be ignored for this session

(firefox:4070): GLib-GObject-WARNING **: 19:10:33.905: ../../../../gobject/gsignal.c:3493: signal name 'load_complete' is invalid for instance '0x7f241f588970' of type 'MaiAtkType139'
1627837857987	geckodriver	INFO	Listening on 127.0.0.1:58469
1627837857990	mozrunner::runner	INFO	Running command: "/usr/bin/firefox" "--marionette" "-foreground" "-no-remote" "-profile" "/tmp/rust_mozprofilenxzm3w"
1627837858893	Marionette	INFO	Marionette enabled
console.info: MINT: Trying to use the system region (based on LANG).
console.info: MINT: System region is FR
console.warn: SearchSettings: "get: No settings file exists, new profile?" (new Error("", "(unknown module)"))
console.info: MINT: Loading search-config defaults.
JavaScript error: resource://gre/modules/TelemetryUtils.jsm, line 159: TypeError: date is undefined
1627837860843	Marionette	INFO	Listening on port 38053
1627837860953	Marionette	WARN	TLS certificate errors will be ignored for this session

(firefox:4331): GLib-GObject-WARNING **: 19:11:03.868: ../../../../gobject/gsignal.c:3493: signal name 'load_complete' is invalid for instance '0x7f4087a681f0' of type 'MaiAtkType139'
1627837913115	Marionette	INFO	Stopped listening on port 38053
1627837915224	Marionette	INFO	Stopped listening on port 41879

###!!! [Parent][RunMessage] Error: Channel closing: too late to send/recv, messages will be lost

/home/elie/Documents/MoneyBallReloaded/gecko/geckodriver: error: Found argument '--websocket-port' which wasn't expected, or isn't valid in this context

USAGE:
    geckodriver [FLAGS] [OPTIONS]

For more information try --help

/home/elie/Documents/MoneyBallReloaded/gecko/geckodriver: error: Found argument '--websocket-port' which wasn't expected, or isn't valid in this context

USAGE:
    geckodriver [FLAGS] [OPTIONS]

For more information try --help

/home/elie/Documents/MoneyBallReloaded/gecko/geckodriver: error: Found argument '--websocket-port' which wasn't expected, or isn't valid in this context

USAGE:
    geckodriver [FLAGS] [OPTIONS]

For more information try --help

/home/elie/Documents/MoneyBallReloaded/gecko/geckodriver: error: Found argument '--websocket-port' which wasn't expected, or isn't valid in this context

USAGE:
    geckodriver [FLAGS] [OPTIONS]

For more information try --help

/home/elie/Documents/MoneyBallReloaded/gecko/geckodriver: error: Found argument '--websocket-port' which wasn't expected, or isn't valid in this context

USAGE:
    geckodriver [FLAGS] [OPTIONS]

For more information try --help

